c:\users\maker\desktop\vs\cpp\c11\testc11\designpattern\x64\debug\vc142.pdb
c:\users\maker\desktop\vs\cpp\c11\testc11\designpattern\x64\debug\vc142.idb
c:\users\maker\desktop\vs\cpp\c11\testc11\designpattern\x64\debug\dp01simplefactory.obj
c:\users\maker\desktop\vs\cpp\c11\testc11\designpattern\x64\debug\dp02strategy.obj
c:\users\maker\desktop\vs\cpp\c11\testc11\designpattern\x64\debug\main.obj
c:\users\maker\desktop\vs\cpp\c11\testc11\x64\debug\designpattern.exe
c:\users\maker\desktop\vs\cpp\c11\testc11\designpattern\x64\debug\designpattern.ilk
c:\users\maker\desktop\vs\cpp\c11\testc11\x64\debug\designpattern.pdb
c:\users\maker\desktop\vs\cpp\c11\testc11\designpattern\x64\debug\designpattern.tlog\cl.command.1.tlog
c:\users\maker\desktop\vs\cpp\c11\testc11\designpattern\x64\debug\designpattern.tlog\cl.read.1.tlog
c:\users\maker\desktop\vs\cpp\c11\testc11\designpattern\x64\debug\designpattern.tlog\cl.write.1.tlog
c:\users\maker\desktop\vs\cpp\c11\testc11\designpattern\x64\debug\designpattern.tlog\link.23012-cvtres.read.1.tlog
c:\users\maker\desktop\vs\cpp\c11\testc11\designpattern\x64\debug\designpattern.tlog\link.23012-cvtres.write.1.tlog
c:\users\maker\desktop\vs\cpp\c11\testc11\designpattern\x64\debug\designpattern.tlog\link.23012-rc.read.1.tlog
c:\users\maker\desktop\vs\cpp\c11\testc11\designpattern\x64\debug\designpattern.tlog\link.23012-rc.write.1.tlog
c:\users\maker\desktop\vs\cpp\c11\testc11\designpattern\x64\debug\designpattern.tlog\link.23012.read.1.tlog
c:\users\maker\desktop\vs\cpp\c11\testc11\designpattern\x64\debug\designpattern.tlog\link.23012.write.1.tlog
c:\users\maker\desktop\vs\cpp\c11\testc11\designpattern\x64\debug\designpattern.tlog\link.command.1.tlog
c:\users\maker\desktop\vs\cpp\c11\testc11\designpattern\x64\debug\designpattern.tlog\link.read.1.tlog
c:\users\maker\desktop\vs\cpp\c11\testc11\designpattern\x64\debug\designpattern.tlog\link.write.1.tlog
